[0m[[0m[0mdebug[0m] [0m[0m> Exec(early(addDefaultCommands), None, None)[0m
[0m[[0m[0mdebug[0m] [0m[0m> Exec(addDefaultCommands, None, None)[0m
[0m[[0m[0mdebug[0m] [0m[0m> Exec(early(initialize), None, None)[0m
[0m[[0m[0mdebug[0m] [0m[0m> Exec(initialize, None, None)[0m
[0m[[0m[0mdebug[0m] [0m[0m> Exec(early(addPluginSbtFile="""/tmp/idea.sbt"""), None, None)[0m
[0m[[0m[0mdebug[0m] [0m[0m> Exec(addPluginSbtFile="""/tmp/idea.sbt""", None, None)[0m
[0m[[0m[0mdebug[0m] [0m[0m> Exec(boot, None, None)[0m
[0m[[0m[0mdebug[0m] [0m[0m> Exec(writeSbtVersion, None, None)[0m
[0m[[0m[0mdebug[0m] [0m[0m> Exec(reload, None, None)[0m
[0m[[0m[0mdebug[0m] [0m[0m> Exec(sbtStashOnFailure, None, None)[0m
[0m[[0m[0mdebug[0m] [0m[0m> Exec(onFailure loadFailed, None, None)[0m
[0m[[0m[0mdebug[0m] [0m[0m> Exec(loadp, None, None)[0m
[0m[[0m[0minfo[0m] [0m[0mwelcome to sbt 1.4.9 (Oracle Corporation Java 16.0.1)[0m
[0m[[0m[0mdebug[0m] [0m[0m      Load.loadUnit: plugins took 121.724352ms[0m
[0m[[0m[0mdebug[0m] [0m[0m      Load.loadUnit: defsScala took 0.444061ms[0m
[0m[[0m[0mdebug[0m] [0m[0m[Loading] Scanning directory /home/amrit/.sbt/1.0/plugins[0m
[0m[[0m[0mdebug[0m] [0m[0m[Loading] Found non-root projects [0m
[0m[[0m[0mdebug[0m] [0m[0m[Loading] Done in /home/amrit/.sbt/1.0/plugins, returning: ()[0m
[0m[[0m[0mdebug[0m] [0m[0mdeducing auto plugins based on known facts Set(Atom(sbt.plugins.CorePlugin)) and clauses Clauses(List(Clause(Atom(sbt.plugins.JvmPlugin),Set(Atom(sbt.plugins.IvyPlugin))), Clause(Atom(sbt.ScriptedPlugin),Set(Atom(sbt.plugins.JvmPlugin))), Clause(Atom(sbt.plugins.SbtPlugin),Set(Atom(sbt.ScriptedPlugin))), Clause(Atom(sbt.plugins.SemanticdbPlugin),Set(Atom(sbt.plugins.JvmPlugin))), Clause(Atom(sbt.plugins.JUnitXmlReportPlugin),Set(Atom(sbt.plugins.JvmPlugin))), Clause(Atom(sbt.plugins.MiniDependencyTreePlugin),Set(Atom(sbt.plugins.JvmPlugin))), Clause(Atom(sbt.plugins.CorePlugin),Set(Atom(sbt.plugins.IvyPlugin))), Clause(Atom(sbt.plugins.IvyPlugin),Set(Atom(sbt.plugins.JvmPlugin))), Clause(Atom(sbt.plugins.JvmPlugin),Set(Atom(sbt.plugins.SemanticdbPlugin))), Clause(Atom(sbt.plugins.JvmPlugin),Set(Atom(sbt.plugins.JUnitXmlReportPlugin))), Clause(Atom(sbt.plugins.CorePlugin),Set(Atom(sbt.plugins.Giter8TemplatePlugin))), Clause(Atom(sbt.plugins.JvmPlugin),Set(Atom(sbt.plugins.MiniDependencyTreePlugin)))))[0m
[0m[[0m[0mdebug[0m] [0m[0m  :: deduced result: Matched(sbt.plugins.CorePlugin,sbt.plugins.Giter8TemplatePlugin,sbt.plugins.IvyPlugin,sbt.plugins.JvmPlugin,sbt.plugins.MiniDependencyTreePlugin,sbt.plugins.JUnitXmlReportPlugin,sbt.plugins.SemanticdbPlugin)[0m
[0m[[0m[0mdebug[0m] [0m[0mPlugins.deducer#function took 33.327506 ms[0m
[0m[[0m[0mdebug[0m] [0m[0m          Load.resolveProject(global-plugins) took 61.348283ms[0m
[0m[[0m[0mdebug[0m] [0m[0m        Load.loadTransitive: finalizeProject(Project(id global-plugins, base: /home/amrit/.sbt/1.0/plugins, plugins: List(<none>))) took 126.165353ms[0m
[0m[[0m[0mdebug[0m] [0m[0m[Loading] Done in /home/amrit/.sbt/1.0/plugins, returning: (global-plugins)[0m
[0m[[0m[0mdebug[0m] [0m[0m      Load.loadUnit: loadedProjectsRaw took 158.693727ms[0m
[0m[[0m[0mdebug[0m] [0m[0m      Load.loadUnit: cleanEvalClasses took 0.432687ms[0m
[0m[[0m[0mdebug[0m] [0m[0m    Load.loadUnit(file:/home/amrit/.sbt/1.0/plugins/, ...) took 330.098871ms[0m
[0m[[0m[0mdebug[0m] [0m[0m  Load.apply: load took 814.815174ms[0m
[0m[[0m[0mdebug[0m] [0m[0m  Load.apply: resolveProjects took 8.072981ms[0m
[0m[[0m[0mdebug[0m] [0m[0m  Load.apply: finalTransforms took 98.194936ms[0m
[0m[[0m[0mdebug[0m] [0m[0m  Load.apply: config.delegates took 10.073048ms[0m
[0m[[0m[0mdebug[0m] [0m[0m  Load.apply: Def.make(settings)... took 635.39409ms[0m
[0m[[0m[0mdebug[0m] [0m[0m  Load.apply: structureIndex took 163.363483ms[0m
[0m[[0m[0mdebug[0m] [0m[0m  Load.apply: mkStreams took 2.571508ms[0m
[0m[[0m[0minfo[0m] [0m[0mloading global plugins from /home/amrit/.sbt/1.0/plugins[0m
[0m[[0m[0mdebug[0m] [0m[0mRunning task... Cancel: Signal, check cycles: false, forcegc: true[0m
[0m[[0m[0mdebug[0m] [0m[0mLoad.defaultLoad until apply took 49045.993961ms[0m
[0m[[0m[0mdebug[0m] [0m[0m          Load.loadUnit: plugins took 392.837974ms[0m
[0m[[0m[0mdebug[0m] [0m[0m          Load.loadUnit: defsScala took 0.010397ms[0m
[0m[[0m[0mdebug[0m] [0m[0m[Loading] Scanning directory /home/amrit/Desktop/Student-Management-System-master/project[0m
[0m[[0m[0mdebug[0m] [0m[0m            Load.loadUnit: mkEval took 30.632021ms[0m
[0m[[0m[0mdebug[0m] [0m[0m[Loading] Found non-root projects [0m
[0m[[0m[0mdebug[0m] [0m[0m[Loading] Done in /home/amrit/Desktop/Student-Management-System-master/project, returning: ()[0m
[0m[[0m[0mdebug[0m] [0m[0mdeducing auto plugins based on known facts Set(Atom(sbt.plugins.CorePlugin)) and clauses Clauses(List(Clause(Atom(sbt.plugins.JvmPlugin),Set(Atom(sbt.plugins.IvyPlugin))), Clause(Atom(sbt.ScriptedPlugin),Set(Atom(sbt.plugins.JvmPlugin))), Clause(Atom(sbt.plugins.SbtPlugin),Set(Atom(sbt.ScriptedPlugin))), Clause(Atom(sbt.plugins.SemanticdbPlugin),Set(Atom(sbt.plugins.JvmPlugin))), Clause(Atom(sbt.plugins.JUnitXmlReportPlugin),Set(Atom(sbt.plugins.JvmPlugin))), Clause(Atom(sbt.plugins.MiniDependencyTreePlugin),Set(Atom(sbt.plugins.JvmPlugin))), Clause(Atom(sbt.plugins.CorePlugin),Set(Atom(sbt.plugins.IvyPlugin))), Clause(Atom(sbt.plugins.IvyPlugin),Set(Atom(sbt.plugins.JvmPlugin))), Clause(Atom(sbt.plugins.JvmPlugin),Set(Atom(sbt.plugins.SemanticdbPlugin))), Clause(Atom(sbt.plugins.JvmPlugin),Set(Atom(sbt.plugins.JUnitXmlReportPlugin))), Clause(Atom(sbt.plugins.CorePlugin),Set(Atom(sbt.plugins.Giter8TemplatePlugin))), Clause(Atom(sbt.plugins.JvmPlugin),Set(Atom(sbt.plugins.MiniDependencyTreePlugin)))))[0m
[0m[[0m[0mdebug[0m] [0m[0m  :: deduced result: Matched(sbt.plugins.CorePlugin,sbt.plugins.Giter8TemplatePlugin,sbt.plugins.IvyPlugin,sbt.plugins.JvmPlugin,sbt.plugins.MiniDependencyTreePlugin,sbt.plugins.JUnitXmlReportPlugin,sbt.plugins.SemanticdbPlugin)[0m
[0m[[0m[0mdebug[0m] [0m[0mPlugins.deducer#function took 1.683506 ms[0m
[0m[[0m[0minfo[0m] [0m[0mloading settings for project student-management-system-master-build from plugins.sbt,idea.sbt ...[0m
[0m[[0m[0mdebug[0m] [0m[0m              Load.resolveProject(student-management-system-master-build) took 3.431035ms[0m
[0m[[0m[0mdebug[0m] [0m[0m            Load.loadTransitive: finalizeProject(Project(id student-management-system-master-build, base: /home/amrit/Desktop/Student-Management-System-master/project, plugins: List(<none>))) took 5.732441ms[0m
[0m[[0m[0mdebug[0m] [0m[0m[Loading] Done in /home/amrit/Desktop/Student-Management-System-master/project, returning: (student-management-system-master-build)[0m
[0m[[0m[0mdebug[0m] [0m[0m          Load.loadUnit: loadedProjectsRaw took 4973.36698ms[0m
[0m[[0m[0mdebug[0m] [0m[0m          Load.loadUnit: cleanEvalClasses took 30.520154ms[0m
[0m[[0m[0mdebug[0m] [0m[0m        Load.loadUnit(file:/home/amrit/Desktop/Student-Management-System-master/project/, ...) took 5397.852972ms[0m
[0m[[0m[0mdebug[0m] [0m[0m      Load.apply: load took 5399.912081ms[0m
[0m[[0m[0mdebug[0m] [0m[0m      Load.apply: resolveProjects took 0.124564ms[0m
[0m[[0m[0mdebug[0m] [0m[0m      Load.apply: finalTransforms took 14.004323ms[0m
[0m[[0m[0mdebug[0m] [0m[0m      Load.apply: config.delegates took 0.458126ms[0m
[0m[[0m[0mdebug[0m] [0m[0m      Load.apply: Def.make(settings)... took 205.97629ms[0m
[0m[[0m[0mdebug[0m] [0m[0m      Load.apply: structureIndex took 38.435715ms[0m
[0m[[0m[0mdebug[0m] [0m[0m      Load.apply: mkStreams took 0.003134ms[0m
[0m[[0m[0minfo[0m] [0m[0mloading project definition from /home/amrit/Desktop/Student-Management-System-master/project[0m
[0m[[0m[0mdebug[0m] [0m[0mRunning task... Cancel: Signal, check cycles: false, forcegc: true[0m
[0m[[0m[33mwarn[0m] [0m[0mUnrecognized repository Scala Plugin Bundled Repository, ignoring it[0m
[0m[[0m[33mwarn[0m] [0m[0mThere may be incompatibilities among your library dependencies; run 'evicted' to see detailed eviction warnings.[0m
[0m[[0m[0mdebug[0m] [0m[0m    Load.loadUnit: plugins took 13941.073064ms[0m
[0m[[0m[0mdebug[0m] [0m[0m    Load.loadUnit: defsScala took 0.004651ms[0m
[0m[[0m[0mdebug[0m] [0m[0m[Loading] Scanning directory /home/amrit/Desktop/Student-Management-System-master[0m
[0m[[0m[0mdebug[0m] [0m[0m      Load.loadUnit: mkEval took 0.230516ms[0m
[0m[[0m[0mdebug[0m] [0m[0m[Loading] Found root project root w/ remaining [0m
[0m[[0m[0mdebug[0m] [0m[0mdeducing auto plugins based on known facts Set(Atom(play.sbt.PlayJava), Atom(play.ebean.sbt.PlayEbean), Atom(sbt.plugins.CorePlugin)) and clauses Clauses(List(Clause(Atom(sbt.plugins.JvmPlugin),Set(Atom(sbt.plugins.IvyPlugin))), Clause(Atom(sbt.ScriptedPlugin),Set(Atom(sbt.plugins.JvmPlugin))), Clause(Atom(sbt.plugins.SbtPlugin),Set(Atom(sbt.ScriptedPlugin))), Clause(Atom(sbt.plugins.SemanticdbPlugin),Set(Atom(sbt.plugins.JvmPlugin))), Clause(Atom(sbt.plugins.JUnitXmlReportPlugin),Set(Atom(sbt.plugins.JvmPlugin))), Clause(Atom(sbt.plugins.MiniDependencyTreePlugin),Set(Atom(sbt.plugins.JvmPlugin))), Clause(Atom(play.sbt.Play),Set(Atom(play.sbt.routes.RoutesCompiler))), Clause(Atom(play.sbt.Play),Set(Atom(com.typesafe.sbt.jse.SbtJsTask))), Clause(Atom(play.sbt.Play),Set(Atom(com.typesafe.sbt.packager.archetypes.JavaServerAppPackaging))), Clause(Atom(play.sbt.Play),Set(Atom(play.twirl.sbt.SbtTwirl))), Clause(Atom(play.sbt.PlayAkkaHttp2Support),Set(Atom(play.sbt.PlayAkkaHttpServer))), Clause(Atom(play.sbt.PlayAkkaHttp2Support),Set(Atom(com.lightbend.sbt.javaagent.JavaAgent))), Clause(Atom(play.sbt.PlayAkkaHttpServer),Set(Atom(play.sbt.PlayService))), Clause(Atom(play.sbt.PlayFilters),Set(Atom(play.sbt.PlayWeb))), Clause(Atom(play.sbt.PlayJava),Set(Atom(play.sbt.PlayWeb))), Clause(Atom(play.sbt.PlayLayoutPlugin),Set(Atom(play.sbt.PlayWeb))), Clause(Atom(play.sbt.PlayLogback),Set(Atom(play.sbt.PlayService))), Clause(Atom(play.sbt.PlayMinimalJava),Set(Atom(play.sbt.PlayWeb))), Clause(Atom(play.sbt.PlayNettyServer),Set(Atom(play.sbt.PlayService))), Clause(Atom(play.sbt.PlayScala),Set(Atom(play.sbt.PlayWeb))), Clause(Atom(play.sbt.PlayService),Set(Atom(com.typesafe.sbt.packager.archetypes.JavaServerAppPackaging))), Clause(Atom(play.sbt.PlayWeb),Set(Atom(play.sbt.routes.RoutesCompiler))), Clause(Atom(play.sbt.PlayWeb),Set(Atom(com.typesafe.sbt.jse.SbtJsTask))), Clause(Atom(play.sbt.PlayWeb),Set(Atom(play.sbt.PlayService))), Clause(Atom(play.sbt.PlayWeb),Set(Atom(play.twirl.sbt.SbtTwirl))), Clause(Atom(play.sbt.routes.RoutesCompiler),Set(Atom(sbt.plugins.JvmPlugin))), Clause(Atom(play.sbt.test.MediatorWorkaroundPlugin),Set(Atom(sbt.plugins.JvmPlugin))), Clause(Atom(play.ebean.sbt.PlayEbean),Set(Atom(com.typesafe.play.sbt.enhancer.PlayEnhancer))), Clause(Atom(org.jetbrains.sbt.StructurePlugin),Set(Atom(sbt.plugins.JvmPlugin))), Clause(Atom(org.jetbrains.sbt.IdeaShellPlugin),Set(Atom(sbt.plugins.JvmPlugin))), Clause(Atom(org.jetbrains.sbt.indices.SbtIntellijIndicesPlugin),Set(Atom(sbt.plugins.JvmPlugin))), Clause(Atom(play.twirl.sbt.SbtTwirl),Set(Atom(sbt.plugins.JvmPlugin))), Clause(Atom(com.typesafe.sbt.SbtNativePackager),Set(Atom(sbt.plugins.JvmPlugin))), Clause(Atom(com.typesafe.sbt.packager.archetypes.JavaAppPackaging),Set(Atom(com.typesafe.sbt.packager.windows.WindowsPlugin))), Clause(Atom(com.typesafe.sbt.packager.archetypes.JavaAppPackaging),Set(Atom(com.typesafe.sbt.packager.docker.DockerPlugin))), Clause(Atom(com.typesafe.sbt.packager.archetypes.JavaAppPackaging),Set(Atom(com.typesafe.sbt.packager.debian.DebianPlugin))), Clause(Atom(com.typesafe.sbt.packager.archetypes.JavaAppPackaging),Set(Atom(com.typesafe.sbt.packager.rpm.RpmPlugin))), Clause(Atom(com.typesafe.sbt.packager.archetypes.JavaServerAppPackaging),Set(Atom(com.typesafe.sbt.packager.archetypes.JavaAppPackaging))), Clause(Atom(com.typesafe.sbt.packager.archetypes.jar.ClasspathJarPlugin),Set(Atom(com.typesafe.sbt.packager.archetypes.JavaAppPackaging))), Clause(Atom(com.typesafe.sbt.packager.archetypes.jar.LauncherJarPlugin),Set(Atom(com.typesafe.sbt.packager.archetypes.JavaAppPackaging))), Clause(Atom(com.typesafe.sbt.packager.archetypes.jlink.JlinkPlugin),Set(Atom(com.typesafe.sbt.packager.archetypes.JavaAppPackaging))), Clause(Atom(com.typesafe.sbt.packager.archetypes.scripts.AshScriptPlugin),Set(Atom(com.typesafe.sbt.packager.archetypes.JavaAppPackaging))), Clause(Atom(com.typesafe.sbt.packager.archetypes.scripts.AshScriptPlugin),Set(Atom(com.typesafe.sbt.packager.archetypes.scripts.BashStartScriptPlugin))), Clause(Atom(com.typesafe.sbt.packager.archetypes.scripts.BashStartScriptPlugin),Set(Atom(com.typesafe.sbt.packager.archetypes.JavaAppPackaging))), Clause(Atom(com.typesafe.sbt.packager.archetypes.scripts.BatStartScriptPlugin),Set(Atom(com.typesafe.sbt.packager.archetypes.JavaAppPackaging))), Clause(Atom(com.typesafe.sbt.packager.archetypes.systemloader.SystemVPlugin),Set(Atom(com.typesafe.sbt.packager.archetypes.systemloader.SystemloaderPlugin))), Clause(Atom(com.typesafe.sbt.packager.archetypes.systemloader.SystemdPlugin),Set(Atom(com.typesafe.sbt.packager.archetypes.systemloader.SystemloaderPlugin))), Clause(Atom(com.typesafe.sbt.packager.archetypes.systemloader.SystemloaderPlugin),Set(Atom(com.typesafe.sbt.packager.debian.DebianPlugin))), Clause(Atom(com.typesafe.sbt.packager.archetypes.systemloader.SystemloaderPlugin),Set(Atom(com.typesafe.sbt.packager.rpm.RpmPlugin))), Clause(Atom(com.typesafe.sbt.packager.archetypes.systemloader.UpstartPlugin),Set(Atom(com.typesafe.sbt.packager.archetypes.systemloader.SystemloaderPlugin))), Clause(Atom(com.typesafe.sbt.packager.debian.DebianDeployPlugin),Set(Atom(com.typesafe.sbt.packager.debian.DebianPlugin))), Clause(Atom(com.typesafe.sbt.packager.debian.DebianPlugin),Set(Atom(com.typesafe.sbt.packager.linux.LinuxPlugin))), Clause(Atom(com.typesafe.sbt.packager.debian.JDebPackaging),Set(Atom(com.typesafe.sbt.packager.debian.DebianPlugin))), Clause(Atom(com.typesafe.sbt.packager.docker.DockerPlugin),Set(Atom(com.typesafe.sbt.packager.universal.UniversalPlugin))), Clause(Atom(com.typesafe.sbt.packager.docker.DockerSpotifyClientPlugin),Set(Atom(com.typesafe.sbt.packager.docker.DockerPlugin))), Clause(Atom(com.typesafe.sbt.packager.graalvmnativeimage.GraalVMNativeImagePlugin),Set(Atom(com.typesafe.sbt.packager.archetypes.JavaAppPackaging))), Clause(Atom(com.typesafe.sbt.packager.jdkpackager.JDKPackagerDeployPlugin),Set(Atom(com.typesafe.sbt.packager.jdkpackager.JDKPackagerPlugin))), Clause(Atom(com.typesafe.sbt.packager.jdkpackager.JDKPackagerPlugin),Set(Atom(com.typesafe.sbt.packager.archetypes.JavaAppPackaging))), Clause(Atom(com.typesafe.sbt.packager.jdkpackager.JDKPackagerPlugin),Set(Atom(com.typesafe.sbt.packager.archetypes.jar.LauncherJarPlugin))), Clause(Atom(com.typesafe.sbt.packager.linux.LinuxPlugin),Set(Atom(com.typesafe.sbt.packager.universal.UniversalPlugin))), Clause(Atom(com.typesafe.sbt.packager.rpm.RpmDeployPlugin),Set(Atom(com.typesafe.sbt.packager.rpm.RpmPlugin))), Clause(Atom(com.typesafe.sbt.packager.rpm.RpmPlugin),Set(Atom(com.typesafe.sbt.packager.linux.LinuxPlugin))), Clause(Atom(com.typesafe.sbt.packager.universal.UniversalDeployPlugin),Set(Atom(com.typesafe.sbt.packager.universal.UniversalPlugin))), Clause(Atom(com.typesafe.sbt.packager.universal.UniversalPlugin),Set(Atom(com.typesafe.sbt.SbtNativePackager))), Clause(Atom(com.typesafe.sbt.packager.windows.WindowsDeployPlugin),Set(Atom(com.typesafe.sbt.packager.windows.WindowsPlugin))), Clause(Atom(com.typesafe.sbt.packager.windows.WindowsPlugin),Set(Atom(com.typesafe.sbt.packager.universal.UniversalPlugin))), Clause(Atom(com.lightbend.sbt.javaagent.JavaAgent),Set(Atom(sbt.plugins.JvmPlugin))), Clause(Atom(com.lightbend.sbt.javaagent.JavaAgentPackaging),Set(Atom(com.lightbend.sbt.javaagent.JavaAgent))), Clause(Atom(com.lightbend.sbt.javaagent.JavaAgentPackaging),Set(Atom(com.typesafe.sbt.packager.archetypes.JavaAppPackaging))), Clause(Atom(com.typesafe.sbt.web.SbtWeb),Set(Atom(sbt.plugins.JvmPlugin))), Clause(Atom(com.typesafe.sbt.jse.SbtJsEngine),Set(Atom(com.typesafe.sbt.web.SbtWeb))), Clause(Atom(com.typesafe.sbt.jse.SbtJsTask),Set(Atom(com.typesafe.sbt.jse.SbtJsEngine))), Clause(Atom(com.typesafe.play.sbt.enhancer.PlayEnhancer),Set(Atom(sbt.plugins.JvmPlugin))), Clause(Atom(sbt.plugins.CorePlugin),Set(Atom(sbt.plugins.IvyPlugin))), Clause(Atom(sbt.plugins.IvyPlugin),Set(Atom(sbt.plugins.JvmPlugin))), Clause(Atom(sbt.plugins.JvmPlugin),Set(Atom(sbt.plugins.SemanticdbPlugin))), Clause(Atom(sbt.plugins.JvmPlugin),Set(Atom(sbt.plugins.JUnitXmlReportPlugin))), Clause(Atom(sbt.plugins.CorePlugin),Set(Atom(sbt.plugins.Giter8TemplatePlugin))), Clause(Atom(sbt.plugins.JvmPlugin),Set(Atom(sbt.plugins.MiniDependencyTreePlugin))), Clause(Atom(play.sbt.PlayService),Set(Atom(play.sbt.PlayAkkaHttpServer))), Clause(Atom(play.sbt.PlayWeb),Set(Atom(play.sbt.PlayFilters))), Clause(Atom(play.sbt.PlayWeb),Set(Atom(play.sbt.PlayLayoutPlugin))), Clause(Atom(play.sbt.PlayService),Set(Atom(play.sbt.PlayLogback))), Clause(Atom(sbt.plugins.JvmPlugin),Set(Atom(org.jetbrains.sbt.StructurePlugin))), Clause(Atom(sbt.plugins.JvmPlugin),Set(Atom(org.jetbrains.sbt.IdeaShellPlugin))), Clause(And(Set(Atom(sbt.plugins.CorePlugin), Atom(sbt.plugins.JvmPlugin))),Set(Atom(org.jetbrains.sbt.indices.SbtIntellijIndicesPlugin))), Clause(Atom(com.typesafe.sbt.packager.archetypes.JavaAppPackaging),Set(Atom(com.typesafe.sbt.packager.archetypes.scripts.BashStartScriptPlugin))), Clause(Atom(com.typesafe.sbt.packager.archetypes.JavaAppPackaging),Set(Atom(com.typesafe.sbt.packager.archetypes.scripts.BatStartScriptPlugin))), Clause(And(Set(Atom(com.lightbend.sbt.javaagent.JavaAgent), Atom(com.typesafe.sbt.packager.archetypes.JavaAppPackaging))),Set(Atom(com.lightbend.sbt.javaagent.JavaAgentPackaging))), Clause(Atom(com.typesafe.sbt.web.SbtWeb),Set(Atom(com.typesafe.sbt.jse.SbtJsEngine))), Clause(Atom(com.typesafe.sbt.jse.SbtJsEngine),Set(Atom(com.typesafe.sbt.jse.SbtJsTask))), Clause(Atom(sbt.plugins.JvmPlugin),Set(Atom(com.typesafe.play.sbt.enhancer.PlayEnhancer)))))[0m
[0m[[0m[0mdebug[0m] [0m[0m  :: deduced result: Matched(sbt.plugins.CorePlugin,play.ebean.sbt.PlayEbean,play.sbt.PlayJava,sbt.plugins.Giter8TemplatePlugin,sbt.plugins.IvyPlugin,com.typesafe.play.sbt.enhancer.PlayEnhancer,play.sbt.PlayWeb,play.twirl.sbt.SbtTwirl,sbt.plugins.JvmPlugin,play.sbt.PlayService,play.sbt.PlayFilters,play.sbt.PlayLayoutPlugin,play.sbt.routes.RoutesCompiler,com.typesafe.sbt.jse.SbtJsTask,com.typesafe.sbt.packager.archetypes.JavaServerAppPackaging,sbt.plugins.SemanticdbPlugin,org.jetbrains.sbt.indices.SbtIntellijIndicesPlugin,sbt.plugins.JUnitXmlReportPlugin,org.jetbrains.sbt.IdeaShellPlugin,play.sbt.PlayLogback,org.jetbrains.sbt.StructurePlugin,sbt.plugins.MiniDependencyTreePlugin,com.typesafe.sbt.jse.SbtJsEngine,play.sbt.PlayAkkaHttpServer,com.typesafe.sbt.web.SbtWeb,com.typesafe.sbt.packager.archetypes.JavaAppPackaging,com.typesafe.sbt.packager.rpm.RpmPlugin,com.typesafe.sbt.packager.archetypes.scripts.BashStartScriptPlugin,com.typesafe.sbt.packager.windows.WindowsPlugin,com.typesafe.sbt.packager.archetypes.scripts.BatStartScriptPlugin,com.typesafe.sbt.packager.docker.DockerPlugin,com.typesafe.sbt.packager.debian.DebianPlugin,com.typesafe.sbt.packager.universal.UniversalPlugin,com.typesafe.sbt.packager.linux.LinuxPlugin,com.typesafe.sbt.SbtNativePackager)[0m
[0m[[0m[0mdebug[0m] [0m[0mPlugins.deducer#function took 17.281598 ms[0m
[0m[[0m[0minfo[0m] [0m[0mloading settings for project root from build.sbt ...[0m
[0m[[0m[0mdebug[0m] [0m[0m        Load.resolveProject(root) took 206.425227ms[0m
[0m[[0m[0mdebug[0m] [0m[0m      Load.loadTransitive: finalizeProject(Project(id root, base: /home/amrit/Desktop/Student-Management-System-master, plugins: List(play.sbt.PlayJava && play.ebean.sbt.PlayEbean))) took 228.302196ms[0m
[0m[[0m[0mdebug[0m] [0m[0m[Loading] Done in /home/amrit/Desktop/Student-Management-System-master, returning: (root)[0m
[0m[[0m[0mdebug[0m] [0m[0m    Load.loadUnit: loadedProjectsRaw took 7507.276956ms[0m
[0m[[0m[0mdebug[0m] [0m[0m    Load.loadUnit: cleanEvalClasses took 6.66499ms[0m
[0m[[0m[0mdebug[0m] [0m[0m  Load.loadUnit(file:/home/amrit/Desktop/Student-Management-System-master/, ...) took 21455.847014ms[0m
[0m[[0m[0mdebug[0m] [0m[0mLoad.apply: load took 21458.228761ms[0m
[0m[[0m[0mdebug[0m] [0m[0mLoad.apply: resolveProjects took 0.176788ms[0m
[0m[[0m[0mdebug[0m] [0m[0mLoad.apply: finalTransforms took 146.10949ms[0m
[0m[[0m[0mdebug[0m] [0m[0mLoad.apply: config.delegates took 1.155949ms[0m
[0m[[0m[0mdebug[0m] [0m[0mLoad.apply: Def.make(settings)... took 139.036252ms[0m
[0m[[0m[0mdebug[0m] [0m[0mLoad.apply: structureIndex took 57.019706ms[0m
[0m[[0m[0mdebug[0m] [0m[0mLoad.apply: mkStreams took 0.002896ms[0m
[0m[[0m[0minfo[0m] [0m[0mset current project to Student-Management-System (in build file:/home/amrit/Desktop/Student-Management-System-master/)[0m
[0m[[0m[0mdebug[0m] [0m[0m> Exec(sbtPopOnFailure, None, None)[0m
[0m[[0m[0mdebug[0m] [0m[0m> Exec(resumeFromFailure, None, None)[0m
[0m[[0m[0mdebug[0m] [0m[0m> Exec(notifyUsersAboutShell, None, None)[0m
[0m[[0m[0mdebug[0m] [0m[0m> Exec(iflast shell, None, None)[0m
[0m[[0m[0mdebug[0m] [0m[0m> Exec(; set ideaPort in Global := 41949 ; idea-shell, None, None)[0m
[0m[[0m[0mdebug[0m] [0m[0m> Exec(set ideaPort in Global := 41949, None, None)[0m
[0m[[0m[0minfo[0m] [0m[0mDefining Global / ideaPort[0m
[0m[[0m[0minfo[0m] [0m[0mThe new value will be used by Compile / compile, Test / compile[0m
[0m[[0m[0mdebug[0m] [0m[0mDefining [0m
[0m[[0m[0mdebug[0m] [0m[0m	Global / ideaPort[0m
[0m[[0m[0mdebug[0m] [0m[0m[0m
[0m[[0m[0mdebug[0m] [0m[0mThe new value will be used by [0m
[0m[[0m[0mdebug[0m] [0m[0m	Compile / compile[0m
[0m[[0m[0mdebug[0m] [0m[0m	Test / compile[0m
[0m[[0m[0minfo[0m] [0m[0mReapplying settings...[0m
[0m[[0m[0minfo[0m] [0m[0mset current project to Student-Management-System (in build file:/home/amrit/Desktop/Student-Management-System-master/)[0m
[0m[[0m[0mdebug[0m] [0m[0m> Exec(idea-shell, None, None)[0m
